
vhdlfe V6.3 IR 35:  VHDL parser
Thu Oct 31 19:10:26 2024

Setting library 'work' to directory 'lc22v10'

vhdlfe:  No errors.


vhdlfe V6.3 IR 35:  VHDL parser
Thu Oct 31 19:10:34 2024

Setting library 'work' to directory 'lc22v10'

vhdlfe:  No errors.


vhdlfe V6.3 IR 35:  VHDL parser
Thu Oct 31 19:10:41 2024

Setting library 'work' to directory 'lc22v10'

vhdlfe:  No errors.


vhdlfe V6.3 IR 35:  VHDL parser
Tue Nov 05 06:33:02 2024

Setting library 'work' to directory 'lc22v10'

vhdlfe:  No errors.


vhdlfe V6.3 IR 35:  VHDL parser
Thu Nov 07 10:29:59 2024

Setting library 'work' to directory 'lc22v10'

vhdlfe:  No errors.

